# JRE version: OpenJDK Runtime Environment (8.0_242-b01) (build 1.8.0_242-release-1644-b01)
# Java VM: OpenJDK 64-Bit Server VM (25.242-b01 mixed mode windows-amd64 compressed oops)
Heap:
 PSYoungGen      total 382464K, used 118574K [0x00000000d5580000, 0x00000000efc00000, 0x0000000100000000)
  eden space 333312K, 20% used [0x00000000d5580000,0x00000000d996f3d0,0x00000000e9b00000)
  from space 49152K, 99% used [0x00000000e9b00000,0x00000000ecadc578,0x00000000ecb00000)
  to   space 49152K, 0% used [0x00000000ecb00000,0x00000000ecb00000,0x00000000efb00000)
 ParOldGen       total 353792K, used 128672K [0x0000000080000000, 0x0000000095980000, 0x00000000d5580000)
  object space 353792K, 36% used [0x0000000080000000,0x0000000087da8158,0x0000000095980000)
 Metaspace       used 120808K, capacity 127868K, committed 127948K, reserved 1161216K
  class space    used 15529K, capacity 16884K, committed 16884K, reserved 1048576K
GC Heap History (10 events):
Event: 375.682 GC heap before
{Heap before GC invocations=33 (full 4):
 PSYoungGen      total 364544K, used 350173K [0x00000000d5580000, 0x00000000eeb00000, 0x0000000100000000)
  eden space 321024K, 100% used [0x00000000d5580000,0x00000000e8f00000,0x00000000e8f00000)
  from space 43520K, 66% used [0x00000000ec080000,0x00000000edcf74d8,0x00000000eeb00000)
  to   space 47104K, 0% used [0x00000000e8f00000,0x00000000e8f00000,0x00000000ebd00000)
 ParOldGen       total 353792K, used 89177K [0x0000000080000000, 0x0000000095980000, 0x00000000d5580000)
  object space 353792K, 25% used [0x0000000080000000,0x0000000085716538,0x0000000095980000)
 Metaspace       used 112105K, capacity 117912K, committed 117964K, reserved 1150976K
  class space    used 14371K, capacity 15570K, committed 15604K, reserved 1048576K
Event: 375.711 GC heap after
Heap after GC invocations=33 (full 4):
 PSYoungGen      total 368128K, used 34202K [0x00000000d5580000, 0x00000000efb00000, 0x0000000100000000)
  eden space 321024K, 0% used [0x00000000d5580000,0x00000000d5580000,0x00000000e8f00000)
  from space 47104K, 72% used [0x00000000e8f00000,0x00000000eb066898,0x00000000ebd00000)
  to   space 49152K, 0% used [0x00000000ecb00000,0x00000000ecb00000,0x00000000efb00000)
 ParOldGen       total 353792K, used 89185K [0x0000000080000000, 0x0000000095980000, 0x00000000d5580000)
  object space 353792K, 25% used [0x0000000080000000,0x0000000085718538,0x0000000095980000)
 Metaspace       used 112105K, capacity 117912K, committed 117964K, reserved 1150976K
  class space    used 14371K, capacity 15570K, committed 15604K, reserved 1048576K
}
Event: 379.471 GC heap before
{Heap before GC invocations=34 (full 4):
 PSYoungGen      total 368128K, used 355226K [0x00000000d5580000, 0x00000000efb00000, 0x0000000100000000)
  eden space 321024K, 100% used [0x00000000d5580000,0x00000000e8f00000,0x00000000e8f00000)
  from space 47104K, 72% used [0x00000000e8f00000,0x00000000eb066898,0x00000000ebd00000)
  to   space 49152K, 0% used [0x00000000ecb00000,0x00000000ecb00000,0x00000000efb00000)
 ParOldGen       total 353792K, used 89185K [0x0000000080000000, 0x0000000095980000, 0x00000000d5580000)
  object space 353792K, 25% used [0x0000000080000000,0x0000000085718538,0x0000000095980000)
 Metaspace       used 112322K, capacity 118138K, committed 118220K, reserved 1153024K
  class space    used 14380K, capacity 15585K, committed 15604K, reserved 1048576K
Event: 379.502 GC heap after
Heap after GC invocations=34 (full 4):
 PSYoungGen      total 382464K, used 30263K [0x00000000d5580000, 0x00000000efc00000, 0x0000000100000000)
  eden space 333312K, 0% used [0x00000000d5580000,0x00000000d5580000,0x00000000e9b00000)
  from space 49152K, 61% used [0x00000000ecb00000,0x00000000ee88ddd0,0x00000000efb00000)
  to   space 49152K, 0% used [0x00000000e9b00000,0x00000000e9b00000,0x00000000ecb00000)
 ParOldGen       total 353792K, used 89193K [0x0000000080000000, 0x0000000095980000, 0x00000000d5580000)
  object space 353792K, 25% used [0x0000000080000000,0x000000008571a538,0x0000000095980000)
 Metaspace       used 112322K, capacity 118138K, committed 118220K, reserved 1153024K
  class space    used 14380K, capacity 15585K, committed 15604K, reserved 1048576K
}
Event: 382.258 GC heap before
{Heap before GC invocations=35 (full 4):
 PSYoungGen      total 382464K, used 363575K [0x00000000d5580000, 0x00000000efc00000, 0x0000000100000000)
  eden space 333312K, 100% used [0x00000000d5580000,0x00000000e9b00000,0x00000000e9b00000)
  from space 49152K, 61% used [0x00000000ecb00000,0x00000000ee88ddd0,0x00000000efb00000)
  to   space 49152K, 0% used [0x00000000e9b00000,0x00000000e9b00000,0x00000000ecb00000)
 ParOldGen       total 353792K, used 89193K [0x0000000080000000, 0x0000000095980000, 0x00000000d5580000)
  object space 353792K, 25% used [0x0000000080000000,0x000000008571a538,0x0000000095980000)
 Metaspace       used 119387K, capacity 126372K, committed 126668K, reserved 1159168K
  class space    used 15425K, capacity 16768K, committed 16884K, reserved 1048576K
Event: 382.422 GC heap after
Heap after GC invocations=35 (full 4):
 PSYoungGen      total 382464K, used 49135K [0x00000000d5580000, 0x00000000efc00000, 0x0000000100000000)
  eden space 333312K, 0% used [0x00000000d5580000,0x00000000d5580000,0x00000000e9b00000)
  from space 49152K, 99% used [0x00000000e9b00000,0x00000000ecafbf90,0x00000000ecb00000)
  to   space 49152K, 0% used [0x00000000ecb00000,0x00000000ecb00000,0x00000000efb00000)
 ParOldGen       total 353792K, used 127936K [0x0000000080000000, 0x0000000095980000, 0x00000000d5580000)
  object space 353792K, 36% used [0x0000000080000000,0x0000000087cf0158,0x0000000095980000)
 Metaspace       used 119387K, capacity 126372K, committed 126668K, reserved 1159168K
  class space    used 15425K, capacity 16768K, committed 16884K, reserved 1048576K
}
Event: 385.053 GC heap before
{Heap before GC invocations=36 (full 4):
 PSYoungGen      total 382464K, used 382447K [0x00000000d5580000, 0x00000000efc00000, 0x0000000100000000)
  eden space 333312K, 100% used [0x00000000d5580000,0x00000000e9b00000,0x00000000e9b00000)
  from space 49152K, 99% used [0x00000000e9b00000,0x00000000ecafbf90,0x00000000ecb00000)
  to   space 49152K, 0% used [0x00000000ecb00000,0x00000000ecb00000,0x00000000efb00000)
 ParOldGen       total 353792K, used 127936K [0x0000000080000000, 0x0000000095980000, 0x00000000d5580000)
  object space 353792K, 36% used [0x0000000080000000,0x0000000087cf0158,0x0000000095980000)
 Metaspace       used 120672K, capacity 127706K, committed 127948K, reserved 1161216K
  class space    used 15522K, capacity 16877K, committed 16884K, reserved 1048576K
Event: 385.123 GC heap after
Heap after GC invocations=36 (full 4):
 PSYoungGen      total 382464K, used 49145K [0x00000000d5580000, 0x00000000efc00000, 0x0000000100000000)
  eden space 333312K, 0% used [0x00000000d5580000,0x00000000d5580000,0x00000000e9b00000)
  from space 49152K, 99% used [0x00000000ecb00000,0x00000000efafe690,0x00000000efb00000)
  to   space 49152K, 0% used [0x00000000e9b00000,0x00000000e9b00000,0x00000000ecb00000)
 ParOldGen       total 353792K, used 128672K [0x0000000080000000, 0x0000000095980000, 0x00000000d5580000)
  object space 353792K, 36% used [0x0000000080000000,0x0000000087da8158,0x0000000095980000)
 Metaspace       used 120672K, capacity 127706K, committed 127948K, reserved 1161216K
  class space    used 15522K, capacity 16877K, committed 16884K, reserved 1048576K
}
Event: 386.543 GC heap before
{Heap before GC invocations=37 (full 4):
 PSYoungGen      total 382464K, used 382457K [0x00000000d5580000, 0x00000000efc00000, 0x0000000100000000)
  eden space 333312K, 100% used [0x00000000d5580000,0x00000000e9b00000,0x00000000e9b00000)
  from space 49152K, 99% used [0x00000000ecb00000,0x00000000efafe690,0x00000000efb00000)
  to   space 49152K, 0% used [0x00000000e9b00000,0x00000000e9b00000,0x00000000ecb00000)
 ParOldGen       total 353792K, used 128672K [0x0000000080000000, 0x0000000095980000, 0x00000000d5580000)
  object space 353792K, 36% used [0x0000000080000000,0x0000000087da8158,0x0000000095980000)
 Metaspace       used 120797K, capacity 127804K, committed 127948K, reserved 1161216K
  class space    used 15528K, capacity 16884K, committed 16884K, reserved 1048576K
Event: 386.609 GC heap after
Heap after GC invocations=37 (full 4):
 PSYoungGen      total 382464K, used 49009K [0x00000000d5580000, 0x00000000efc00000, 0x0000000100000000)
  eden space 333312K, 0% used [0x00000000d5580000,0x00000000d5580000,0x00000000e9b00000)
  from space 49152K, 99% used [0x00000000e9b00000,0x00000000ecadc578,0x00000000ecb00000)
  to   space 49152K, 0% used [0x00000000ecb00000,0x00000000ecb00000,0x00000000efb00000)
 ParOldGen       total 353792K, used 128672K [0x0000000080000000, 0x0000000095980000, 0x00000000d5580000)
  object space 353792K, 36% used [0x0000000080000000,0x0000000087da8158,0x0000000095980000)
 Metaspace       used 120797K, capacity 127804K, committed 127948K, reserved 1161216K
  class space    used 15528K, capacity 16884K, committed 16884K, reserved 1048576K
}

