# JRE version: OpenJDK Runtime Environment (8.0_242-b01) (build 1.8.0_242-release-1644-b01)
# Java VM: OpenJDK 64-Bit Server VM (25.242-b01 mixed mode windows-amd64 compressed oops)
Heap:
 PSYoungGen      total 340480K, used 212481K [0x00000000d5580000, 0x00000000f4000000, 0x0000000100000000)
  eden space 295936K, 71% used [0x00000000d5580000,0x00000000e2500428,0x00000000e7680000)
  from space 44544K, 0% used [0x00000000e7680000,0x00000000e7680000,0x00000000ea200000)
  to   space 48640K, 0% used [0x00000000f1080000,0x00000000f1080000,0x00000000f4000000)
 ParOldGen       total 314368K, used 87384K [0x0000000080000000, 0x0000000093300000, 0x00000000d5580000)
  object space 314368K, 27% used [0x0000000080000000,0x00000000855563d0,0x0000000093300000)
 Metaspace       used 102361K, capacity 107008K, committed 107304K, reserved 1142784K
  class space    used 13435K, capacity 14298K, committed 14376K, reserved 1048576K
GC Heap History (10 events):
Event: 14.884 GC heap before
{Heap before GC invocations=15 (full 3):
 PSYoungGen      total 230912K, used 230352K [0x00000000d5580000, 0x00000000e7c80000, 0x0000000100000000)
  eden space 210944K, 100% used [0x00000000d5580000,0x00000000e2380000,0x00000000e2380000)
  from space 19968K, 97% used [0x00000000e2380000,0x00000000e3674260,0x00000000e3700000)
  to   space 22528K, 0% used [0x00000000e6680000,0x00000000e6680000,0x00000000e7c80000)
 ParOldGen       total 212480K, used 33795K [0x0000000080000000, 0x000000008cf80000, 0x00000000d5580000)
  object space 212480K, 15% used [0x0000000080000000,0x0000000082100d98,0x000000008cf80000)
 Metaspace       used 71490K, capacity 74584K, committed 74920K, reserved 1114112K
  class space    used 9706K, capacity 10321K, committed 10408K, reserved 1048576K
Event: 14.909 GC heap after
Heap after GC invocations=15 (full 3):
 PSYoungGen      total 274944K, used 22500K [0x00000000d5580000, 0x00000000e8280000, 0x0000000100000000)
  eden space 252416K, 0% used [0x00000000d5580000,0x00000000d5580000,0x00000000e4c00000)
  from space 22528K, 99% used [0x00000000e6680000,0x00000000e7c79298,0x00000000e7c80000)
  to   space 27136K, 0% used [0x00000000e4c00000,0x00000000e4c00000,0x00000000e6680000)
 ParOldGen       total 212480K, used 39209K [0x0000000080000000, 0x000000008cf80000, 0x00000000d5580000)
  object space 212480K, 18% used [0x0000000080000000,0x000000008264a4a0,0x000000008cf80000)
 Metaspace       used 71490K, capacity 74584K, committed 74920K, reserved 1114112K
  class space    used 9706K, capacity 10321K, committed 10408K, reserved 1048576K
}
Event: 18.110 GC heap before
{Heap before GC invocations=16 (full 3):
 PSYoungGen      total 274944K, used 274916K [0x00000000d5580000, 0x00000000e8280000, 0x0000000100000000)
  eden space 252416K, 100% used [0x00000000d5580000,0x00000000e4c00000,0x00000000e4c00000)
  from space 22528K, 99% used [0x00000000e6680000,0x00000000e7c79298,0x00000000e7c80000)
  to   space 27136K, 0% used [0x00000000e4c00000,0x00000000e4c00000,0x00000000e6680000)
 ParOldGen       total 212480K, used 39209K [0x0000000080000000, 0x000000008cf80000, 0x00000000d5580000)
  object space 212480K, 18% used [0x0000000080000000,0x000000008264a4a0,0x000000008cf80000)
 Metaspace       used 85940K, capacity 89316K, committed 89640K, reserved 1126400K
  class space    used 11306K, capacity 11955K, committed 12072K, reserved 1048576K
Event: 18.151 GC heap after
Heap after GC invocations=16 (full 3):
 PSYoungGen      total 279552K, used 27121K [0x00000000d5580000, 0x00000000ec800000, 0x0000000100000000)
  eden space 252416K, 0% used [0x00000000d5580000,0x00000000d5580000,0x00000000e4c00000)
  from space 27136K, 99% used [0x00000000e4c00000,0x00000000e667c7c0,0x00000000e6680000)
  to   space 38912K, 0% used [0x00000000ea200000,0x00000000ea200000,0x00000000ec800000)
 ParOldGen       total 212480K, used 60448K [0x0000000080000000, 0x000000008cf80000, 0x00000000d5580000)
  object space 212480K, 28% used [0x0000000080000000,0x0000000083b08168,0x000000008cf80000)
 Metaspace       used 85940K, capacity 89316K, committed 89640K, reserved 1126400K
  class space    used 11306K, capacity 11955K, committed 12072K, reserved 1048576K
}
Event: 24.501 GC heap before
{Heap before GC invocations=17 (full 3):
 PSYoungGen      total 279552K, used 279537K [0x00000000d5580000, 0x00000000ec800000, 0x0000000100000000)
  eden space 252416K, 100% used [0x00000000d5580000,0x00000000e4c00000,0x00000000e4c00000)
  from space 27136K, 99% used [0x00000000e4c00000,0x00000000e667c7c0,0x00000000e6680000)
  to   space 38912K, 0% used [0x00000000ea200000,0x00000000ea200000,0x00000000ec800000)
 ParOldGen       total 212480K, used 60448K [0x0000000080000000, 0x000000008cf80000, 0x00000000d5580000)
  object space 212480K, 28% used [0x0000000080000000,0x0000000083b08168,0x000000008cf80000)
 Metaspace       used 93405K, capacity 97304K, committed 97576K, reserved 1134592K
  class space    used 12232K, capacity 12970K, committed 13096K, reserved 1048576K
Event: 24.576 GC heap after
Heap after GC invocations=17 (full 3):
 PSYoungGen      total 334848K, used 38776K [0x00000000d5580000, 0x00000000ed100000, 0x0000000100000000)
  eden space 295936K, 0% used [0x00000000d5580000,0x00000000d5580000,0x00000000e7680000)
  from space 38912K, 99% used [0x00000000ea200000,0x00000000ec7de3b0,0x00000000ec800000)
  to   space 44544K, 0% used [0x00000000e7680000,0x00000000e7680000,0x00000000ea200000)
 ParOldGen       total 212480K, used 77391K [0x0000000080000000, 0x000000008cf80000, 0x00000000d5580000)
  object space 212480K, 36% used [0x0000000080000000,0x0000000084b93e68,0x000000008cf80000)
 Metaspace       used 93405K, capacity 97304K, committed 97576K, reserved 1134592K
  class space    used 12232K, capacity 12970K, committed 13096K, reserved 1048576K
}
Event: 24.752 GC heap before
{Heap before GC invocations=18 (full 3):
 PSYoungGen      total 334848K, used 54638K [0x00000000d5580000, 0x00000000ed100000, 0x0000000100000000)
  eden space 295936K, 5% used [0x00000000d5580000,0x00000000d64fd778,0x00000000e7680000)
  from space 38912K, 99% used [0x00000000ea200000,0x00000000ec7de3b0,0x00000000ec800000)
  to   space 44544K, 0% used [0x00000000e7680000,0x00000000e7680000,0x00000000ea200000)
 ParOldGen       total 212480K, used 77391K [0x0000000080000000, 0x000000008cf80000, 0x00000000d5580000)
  object space 212480K, 36% used [0x0000000080000000,0x0000000084b93e68,0x000000008cf80000)
 Metaspace       used 94550K, capacity 98540K, committed 98600K, reserved 1134592K
  class space    used 12398K, capacity 13174K, committed 13224K, reserved 1048576K
Event: 24.787 GC heap after
Heap after GC invocations=18 (full 3):
 PSYoungGen      total 340480K, used 36342K [0x00000000d5580000, 0x00000000f4000000, 0x0000000100000000)
  eden space 295936K, 0% used [0x00000000d5580000,0x00000000d5580000,0x00000000e7680000)
  from space 44544K, 81% used [0x00000000e7680000,0x00000000e99fd8b8,0x00000000ea200000)
  to   space 48640K, 0% used [0x00000000f1080000,0x00000000f1080000,0x00000000f4000000)
 ParOldGen       total 212480K, used 77391K [0x0000000080000000, 0x000000008cf80000, 0x00000000d5580000)
  object space 212480K, 36% used [0x0000000080000000,0x0000000084b93e68,0x000000008cf80000)
 Metaspace       used 94550K, capacity 98540K, committed 98600K, reserved 1134592K
  class space    used 12398K, capacity 13174K, committed 13224K, reserved 1048576K
}
Event: 24.787 GC heap before
{Heap before GC invocations=19 (full 4):
 PSYoungGen      total 340480K, used 36342K [0x00000000d5580000, 0x00000000f4000000, 0x0000000100000000)
  eden space 295936K, 0% used [0x00000000d5580000,0x00000000d5580000,0x00000000e7680000)
  from space 44544K, 81% used [0x00000000e7680000,0x00000000e99fd8b8,0x00000000ea200000)
  to   space 48640K, 0% used [0x00000000f1080000,0x00000000f1080000,0x00000000f4000000)
 ParOldGen       total 212480K, used 77391K [0x0000000080000000, 0x000000008cf80000, 0x00000000d5580000)
  object space 212480K, 36% used [0x0000000080000000,0x0000000084b93e68,0x000000008cf80000)
 Metaspace       used 94550K, capacity 98540K, committed 98600K, reserved 1134592K
  class space    used 12398K, capacity 13174K, committed 13224K, reserved 1048576K
Event: 25.070 GC heap after
Heap after GC invocations=19 (full 4):
 PSYoungGen      total 340480K, used 0K [0x00000000d5580000, 0x00000000f4000000, 0x0000000100000000)
  eden space 295936K, 0% used [0x00000000d5580000,0x00000000d5580000,0x00000000e7680000)
  from space 44544K, 0% used [0x00000000e7680000,0x00000000e7680000,0x00000000ea200000)
  to   space 48640K, 0% used [0x00000000f1080000,0x00000000f1080000,0x00000000f4000000)
 ParOldGen       total 314368K, used 87384K [0x0000000080000000, 0x0000000093300000, 0x00000000d5580000)
  object space 314368K, 27% used [0x0000000080000000,0x00000000855563d0,0x0000000093300000)
 Metaspace       used 94396K, capacity 98090K, committed 98600K, reserved 1134592K
  class space    used 12349K, capacity 13087K, committed 13224K, reserved 1048576K
}

