# JRE version: OpenJDK Runtime Environment (8.0_242-b01) (build 1.8.0_242-release-1644-b01)
# Java VM: OpenJDK 64-Bit Server VM (25.242-b01 mixed mode windows-amd64 compressed oops)
Heap:
 PSYoungGen      total 362496K, used 60241K [0x00000000d5580000, 0x00000000f0500000, 0x0000000100000000)
  eden space 312832K, 8% used [0x00000000d5580000,0x00000000d6e024f0,0x00000000e8700000)
  from space 49664K, 70% used [0x00000000e8700000,0x00000000ea9521e8,0x00000000eb780000)
  to   space 51712K, 0% used [0x00000000ed280000,0x00000000ed280000,0x00000000f0500000)
 ParOldGen       total 344064K, used 86614K [0x0000000080000000, 0x0000000095000000, 0x00000000d5580000)
  object space 344064K, 25% used [0x0000000080000000,0x0000000085495af8,0x0000000095000000)
 Metaspace       used 111424K, capacity 116930K, committed 117160K, reserved 1150976K
  class space    used 14419K, capacity 15448K, committed 15536K, reserved 1048576K
GC Heap History (10 events):
Event: 837.667 GC heap before
{Heap before GC invocations=19 (full 3):
 PSYoungGen      total 293376K, used 126974K [0x00000000d5580000, 0x00000000eb580000, 0x0000000100000000)
  eden space 262144K, 39% used [0x00000000d5580000,0x00000000db9ba820,0x00000000e5580000)
  from space 31232K, 77% used [0x00000000e5580000,0x00000000e6d45308,0x00000000e7400000)
  to   space 33280K, 0% used [0x00000000e9500000,0x00000000e9500000,0x00000000eb580000)
 ParOldGen       total 216064K, used 59405K [0x0000000080000000, 0x000000008d300000, 0x00000000d5580000)
  object space 216064K, 27% used [0x0000000080000000,0x0000000083a03488,0x000000008d300000)
 Metaspace       used 94754K, capacity 98368K, committed 98600K, reserved 1134592K
  class space    used 12135K, capacity 12855K, committed 12976K, reserved 1048576K
Event: 837.700 GC heap after
Heap after GC invocations=19 (full 3):
 PSYoungGen      total 320512K, used 33260K [0x00000000d5580000, 0x00000000ec700000, 0x0000000100000000)
  eden space 287232K, 0% used [0x00000000d5580000,0x00000000d5580000,0x00000000e6e00000)
  from space 33280K, 99% used [0x00000000e9500000,0x00000000eb57b268,0x00000000eb580000)
  to   space 39936K, 0% used [0x00000000e6e00000,0x00000000e6e00000,0x00000000e9500000)
 ParOldGen       total 216064K, used 64760K [0x0000000080000000, 0x000000008d300000, 0x00000000d5580000)
  object space 216064K, 29% used [0x0000000080000000,0x0000000083f3e210,0x000000008d300000)
 Metaspace       used 94754K, capacity 98368K, committed 98600K, reserved 1134592K
  class space    used 12135K, capacity 12855K, committed 12976K, reserved 1048576K
}
Event: 837.700 GC heap before
{Heap before GC invocations=20 (full 4):
 PSYoungGen      total 320512K, used 33260K [0x00000000d5580000, 0x00000000ec700000, 0x0000000100000000)
  eden space 287232K, 0% used [0x00000000d5580000,0x00000000d5580000,0x00000000e6e00000)
  from space 33280K, 99% used [0x00000000e9500000,0x00000000eb57b268,0x00000000eb580000)
  to   space 39936K, 0% used [0x00000000e6e00000,0x00000000e6e00000,0x00000000e9500000)
 ParOldGen       total 216064K, used 64760K [0x0000000080000000, 0x000000008d300000, 0x00000000d5580000)
  object space 216064K, 29% used [0x0000000080000000,0x0000000083f3e210,0x000000008d300000)
 Metaspace       used 94754K, capacity 98368K, committed 98600K, reserved 1134592K
  class space    used 12135K, capacity 12855K, committed 12976K, reserved 1048576K
Event: 838.029 GC heap after
Heap after GC invocations=20 (full 4):
 PSYoungGen      total 320512K, used 0K [0x00000000d5580000, 0x00000000ec700000, 0x0000000100000000)
  eden space 287232K, 0% used [0x00000000d5580000,0x00000000d5580000,0x00000000e6e00000)
  from space 33280K, 0% used [0x00000000e9500000,0x00000000e9500000,0x00000000eb580000)
  to   space 39936K, 0% used [0x00000000e6e00000,0x00000000e6e00000,0x00000000e9500000)
 ParOldGen       total 344064K, used 79055K [0x0000000080000000, 0x0000000095000000, 0x00000000d5580000)
  object space 344064K, 22% used [0x0000000080000000,0x0000000084d33e60,0x0000000095000000)
 Metaspace       used 94688K, capacity 98166K, committed 98600K, reserved 1134592K
  class space    used 12114K, capacity 12818K, committed 12976K, reserved 1048576K
}
Event: 845.364 GC heap before
{Heap before GC invocations=21 (full 4):
 PSYoungGen      total 320512K, used 287232K [0x00000000d5580000, 0x00000000ec700000, 0x0000000100000000)
  eden space 287232K, 100% used [0x00000000d5580000,0x00000000e6e00000,0x00000000e6e00000)
  from space 33280K, 0% used [0x00000000e9500000,0x00000000e9500000,0x00000000eb580000)
  to   space 39936K, 0% used [0x00000000e6e00000,0x00000000e6e00000,0x00000000e9500000)
 ParOldGen       total 344064K, used 79055K [0x0000000080000000, 0x0000000095000000, 0x00000000d5580000)
  object space 344064K, 22% used [0x0000000080000000,0x0000000084d33e60,0x0000000095000000)
 Metaspace       used 108475K, capacity 113592K, committed 113704K, reserved 1148928K
  class space    used 14187K, capacity 15107K, committed 15152K, reserved 1048576K
Event: 845.442 GC heap after
Heap after GC invocations=21 (full 4):
 PSYoungGen      total 327168K, used 39935K [0x00000000d5580000, 0x00000000eeb00000, 0x0000000100000000)
  eden space 287232K, 0% used [0x00000000d5580000,0x00000000d5580000,0x00000000e6e00000)
  from space 39936K, 99% used [0x00000000e6e00000,0x00000000e94fff80,0x00000000e9500000)
  to   space 48128K, 0% used [0x00000000ebc00000,0x00000000ebc00000,0x00000000eeb00000)
 ParOldGen       total 344064K, used 86598K [0x0000000080000000, 0x0000000095000000, 0x00000000d5580000)
  object space 344064K, 25% used [0x0000000080000000,0x0000000085491af8,0x0000000095000000)
 Metaspace       used 108475K, capacity 113592K, committed 113704K, reserved 1148928K
  class space    used 14187K, capacity 15107K, committed 15152K, reserved 1048576K
}
Event: 2960.852 GC heap before
{Heap before GC invocations=22 (full 4):
 PSYoungGen      total 327168K, used 327167K [0x00000000d5580000, 0x00000000eeb00000, 0x0000000100000000)
  eden space 287232K, 100% used [0x00000000d5580000,0x00000000e6e00000,0x00000000e6e00000)
  from space 39936K, 99% used [0x00000000e6e00000,0x00000000e94fff80,0x00000000e9500000)
  to   space 48128K, 0% used [0x00000000ebc00000,0x00000000ebc00000,0x00000000eeb00000)
 ParOldGen       total 344064K, used 86598K [0x0000000080000000, 0x0000000095000000, 0x00000000d5580000)
  object space 344064K, 25% used [0x0000000080000000,0x0000000085491af8,0x0000000095000000)
 Metaspace       used 110438K, capacity 115748K, committed 116008K, reserved 1150976K
  class space    used 14349K, capacity 15307K, committed 15408K, reserved 1048576K
Event: 2960.912 GC heap after
Heap after GC invocations=22 (full 4):
 PSYoungGen      total 357888K, used 31619K [0x00000000d5580000, 0x00000000ee800000, 0x0000000100000000)
  eden space 312832K, 0% used [0x00000000d5580000,0x00000000d5580000,0x00000000e8700000)
  from space 45056K, 70% used [0x00000000ebc00000,0x00000000edae0cf0,0x00000000ee800000)
  to   space 49664K, 0% used [0x00000000e8700000,0x00000000e8700000,0x00000000eb780000)
 ParOldGen       total 344064K, used 86606K [0x0000000080000000, 0x0000000095000000, 0x00000000d5580000)
  object space 344064K, 25% used [0x0000000080000000,0x0000000085493af8,0x0000000095000000)
 Metaspace       used 110438K, capacity 115748K, committed 116008K, reserved 1150976K
  class space    used 14349K, capacity 15307K, committed 15408K, reserved 1048576K
}
Event: 2968.613 GC heap before
{Heap before GC invocations=23 (full 4):
 PSYoungGen      total 357888K, used 344451K [0x00000000d5580000, 0x00000000ee800000, 0x0000000100000000)
  eden space 312832K, 100% used [0x00000000d5580000,0x00000000e8700000,0x00000000e8700000)
  from space 45056K, 70% used [0x00000000ebc00000,0x00000000edae0cf0,0x00000000ee800000)
  to   space 49664K, 0% used [0x00000000e8700000,0x00000000e8700000,0x00000000eb780000)
 ParOldGen       total 344064K, used 86606K [0x0000000080000000, 0x0000000095000000, 0x00000000d5580000)
  object space 344064K, 25% used [0x0000000080000000,0x0000000085493af8,0x0000000095000000)
 Metaspace       used 111317K, capacity 116802K, committed 116904K, reserved 1150976K
  class space    used 14415K, capacity 15448K, committed 15536K, reserved 1048576K
Event: 2968.650 GC heap after
Heap after GC invocations=23 (full 4):
 PSYoungGen      total 362496K, used 35144K [0x00000000d5580000, 0x00000000f0500000, 0x0000000100000000)
  eden space 312832K, 0% used [0x00000000d5580000,0x00000000d5580000,0x00000000e8700000)
  from space 49664K, 70% used [0x00000000e8700000,0x00000000ea9521e8,0x00000000eb780000)
  to   space 51712K, 0% used [0x00000000ed280000,0x00000000ed280000,0x00000000f0500000)
 ParOldGen       total 344064K, used 86614K [0x0000000080000000, 0x0000000095000000, 0x00000000d5580000)
  object space 344064K, 25% used [0x0000000080000000,0x0000000085495af8,0x0000000095000000)
 Metaspace       used 111317K, capacity 116802K, committed 116904K, reserved 1150976K
  class space    used 14415K, capacity 15448K, committed 15536K, reserved 1048576K
}

